Traceback (most recent call last):
  File "C:\Users\nmendoza\AppData\Local\Programs\Python\Python312\Lib\site-packages\jupyter_cache\executors\utils.py", line 58, in single_nb_execution
    executenb(
  File "C:\Users\nmendoza\AppData\Local\Programs\Python\Python312\Lib\site-packages\nbclient\client.py", line 1323, in execute
    return NotebookClient(nb=nb, resources=resources, km=km, **kwargs).execute()
           ^^^^^^^^^^^^^^^^^^^^^^^^^^^^^^^^^^^^^^^^^^^^^^^^^^^^^^^^^^^^^^^^^^^^^
  File "C:\Users\nmendoza\AppData\Local\Programs\Python\Python312\Lib\site-packages\jupyter_core\utils\__init__.py", line 165, in wrapped
    return loop.run_until_complete(inner)
           ^^^^^^^^^^^^^^^^^^^^^^^^^^^^^^
  File "C:\Users\nmendoza\AppData\Local\Programs\Python\Python312\Lib\asyncio\base_events.py", line 691, in run_until_complete
    return future.result()
           ^^^^^^^^^^^^^^^
  File "C:\Users\nmendoza\AppData\Local\Programs\Python\Python312\Lib\site-packages\nbclient\client.py", line 709, in async_execute
    await self.async_execute_cell(
  File "C:\Users\nmendoza\AppData\Local\Programs\Python\Python312\Lib\site-packages\nbclient\client.py", line 1062, in async_execute_cell
    await self._check_raise_for_error(cell, cell_index, exec_reply)
  File "C:\Users\nmendoza\AppData\Local\Programs\Python\Python312\Lib\site-packages\nbclient\client.py", line 918, in _check_raise_for_error
    raise CellExecutionError.from_cell_and_msg(cell, exec_reply_content)
nbclient.exceptions.CellExecutionError: An error occurred while executing the following cell:
------------------
# ─── Librerías principales ───────────────────────────────────────────────────
import pandas as pd
import numpy as np

# ─── Visualización ──────────────────────────────────────────────────────────
import matplotlib.pyplot as plt
import matplotlib.ticker as mticker
import seaborn as sns

# ─── Estadística ────────────────────────────────────────────────────────────
from scipy import stats

# ─── Configuración global ───────────────────────────────────────────────────
pd.set_option('display.max_columns', None)
pd.set_option('display.float_format', '{:.4f}'.format)

sns.set_theme(style='whitegrid', palette='muted', font_scale=1.05)
plt.rcParams['figure.dpi'] = 120
plt.rcParams['axes.titlesize'] = 13
plt.rcParams['axes.labelsize'] = 11

# Paleta de colores personalizada
PALETTE = ['#2196F3', '#4CAF50', '#FF9800', '#E91E63', '#9C27B0']
COLOR_PH  = '#2196F3'   # azul agua para la variable objetivo

print('✅ Librerías importadas correctamente')
------------------


[31m---------------------------------------------------------------------------[39m
[31mModuleNotFoundError[39m                       Traceback (most recent call last)
[36mCell[39m[36m [39m[32mIn[1][39m[32m, line 6[39m
[32m      2[39m [38;5;28;01mimport[39;00m pandas [38;5;28;01mas[39;00m pd
[32m      3[39m [38;5;28;01mimport[39;00m numpy [38;5;28;01mas[39;00m np
[32m      4[39m 
[32m      5[39m [38;5;66;03m# ─── Visualización ──────────────────────────────────────────────────────────[39;00m
[32m----> [39m[32m6[39m [38;5;28;01mimport[39;00m matplotlib.pyplot [38;5;28;01mas[39;00m plt
[32m      7[39m [38;5;28;01mimport[39;00m matplotlib.ticker [38;5;28;01mas[39;00m mticker
[32m      8[39m [38;5;28;01mimport[39;00m seaborn [38;5;28;01mas[39;00m sns
[32m      9[39m 

[31mModuleNotFoundError[39m: No module named 'matplotlib'

